<?xml version="1.0" encoding="UTF-8"?>
<!-- Generated by org.testng.reporters.JUnitXMLReporter -->
<testsuite ignored="0" hostname="DESKTOP-4U27L9N" failures="1" tests="2" name="TestBlock1" time="0.172" errors="0" timestamp="2026-03-06T12:16:31 IST">
  <testcase classname="com.testng.TC13_ExtentReport" name="failedTest" time="0.051">
    <failure type="java.lang.AssertionError" message="expected [true] but found [false]">
      <![CDATA[java.lang.AssertionError: expected [true] but found [false]
at com.testng.TC13_ExtentReport.failedTest(TC13_ExtentReport.java:17)
at java.base/java.util.ArrayList.forEach(ArrayList.java:1511)
... Removed 31 stack frames]]>
    </failure>
  </testcase> <!-- failedTest -->
  <testcase classname="com.testng.TC13_ExtentReport" name="loginTest" time="0.002"/>
</testsuite> <!-- TestBlock1 -->
