<?xml version="1.0" encoding="UTF-8"?>
<!-- Generated by org.testng.reporters.JUnitXMLReporter -->
<testsuite ignored="5" hostname="DESKTOP-4U27L9N" failures="1" tests="1" name="TestBlock2" time="4.47" errors="0" timestamp="2026-02-12T10:25:28 IST">
  <testcase classname="com.testng.TC03_HardAndSoft" name="softAssertion" time="4.396">
    <failure type="java.lang.AssertionError" message="The following asserts failed:
	expected [Google1] but found [Google]">
      <![CDATA[java.lang.AssertionError: The following asserts failed:
expected [Google1] but found [Google]
at com.testng.TC03_HardAndSoft.softAssertion(TC03_HardAndSoft.java:38)
at java.base/java.util.ArrayList.forEach(ArrayList.java:1511)
... Removed 29 stack frames]]>
    </failure>
  </testcase> <!-- softAssertion -->
  <testcase classname="com.testng.TC03_HardAndSoft" name="hardAssertion" time="0.0">
    <ignored/>
  </testcase> <!-- hardAssertion -->
  <testcase classname="com.testng.TC04_LoginTests" name="forgotPasswordTest" time="0.0">
    <ignored/>
  </testcase> <!-- forgotPasswordTest -->
  <testcase classname="com.testng.TC04_LoginTests" name="validLoginTest" time="0.0">
    <ignored/>
  </testcase> <!-- validLoginTest -->
  <testcase classname="com.testng.TC04_LoginTests" name="addToCartTest" time="0.0">
    <ignored/>
  </testcase> <!-- addToCartTest -->
  <testcase classname="com.testng.TC04_LoginTests" name="inValidLoginTest" time="0.0">
    <ignored/>
  </testcase> <!-- inValidLoginTest -->
</testsuite> <!-- TestBlock2 -->
