<?xml version="1.0" encoding="UTF-8"?>
<!-- Generated by org.testng.reporters.JUnitXMLReporter -->
<testsuite ignored="1" hostname="DESKTOP-4U27L9N" failures="1" tests="1" name="TestBlock1(failed)" time="4.288" errors="0" timestamp="2026-03-05T09:45:26 IST">
  <testcase classname="com.testng.TC10_TestListener" name="failTest" time="0.086">
    <failure type="java.lang.AssertionError" message="expected [Google1] but found [Google]">
      <![CDATA[java.lang.AssertionError: expected [Google1] but found [Google]
at com.testng.TC10_TestListener.failTest(TC10_TestListener.java:19)
at java.base/java.util.ArrayList.forEach(ArrayList.java:1511)
... Removed 33 stack frames]]>
    </failure>
  </testcase> <!-- failTest -->
  <testcase classname="com.testng.TC10_TestListener" name="passTset" time="0.0">
    <ignored/>
  </testcase> <!-- passTset -->
</testsuite> <!-- TestBlock1(failed) -->
