<?xml version="1.0" encoding="UTF-8"?>
<!-- Generated by org.testng.reporters.JUnitReportReporter -->
<testsuite hostname="DESKTOP-4U27L9N" failures="0" tests="3" name="com.testng.LoginData" time="0.015" errors="0" timestamp="2026-02-25T09:53:57 IST" skipped="0">
  <testcase classname="com.testng.LoginData" name="loginTest" time="0.009"/>
  <testcase classname="com.testng.LoginData" name="loginTest" time="0.003"/>
  <testcase classname="com.testng.LoginData" name="loginTest" time="0.003"/>
</testsuite> <!-- com.testng.LoginData -->
