<?xml version="1.0" encoding="UTF-8"?>
<!-- Generated by org.testng.reporters.JUnitReportReporter -->
<testsuite hostname="DESKTOP-4U27L9N" failures="0" tests="4" name="com.testng.TC06_BeforeClass" time="0.016" errors="0" timestamp="2026-03-06T10:12:14 IST" skipped="0">
  <testcase classname="com.testng.TC06_BeforeClass" name="inValidLoginTest" time="0.006"/>
  <testcase classname="com.testng.TC06_BeforeClass" name="addToCartTest1" time="0.003"/>
  <testcase classname="com.testng.TC06_BeforeClass" name="addToCartTest" time="0.003"/>
  <testcase classname="com.testng.TC06_BeforeClass" name="inValidLoginTest1" time="0.004"/>
</testsuite> <!-- com.testng.TC06_BeforeClass -->
