<?xml version="1.0" encoding="UTF-8"?>
<!-- Generated by org.testng.reporters.JUnitReportReporter -->
<testsuite hostname="DESKTOP-4U27L9N" failures="0" tests="5" name="com.testng.TC04_LoginTests" time="0.023" errors="0" timestamp="2026-03-06T10:12:14 IST" skipped="0">
  <testcase classname="com.testng.TC04_LoginTests" name="addToCartTest" time="0.013"/>
  <testcase classname="com.testng.TC04_LoginTests" name="forgotPasswordTest" time="0.001"/>
  <testcase classname="com.testng.TC04_LoginTests" name="inValidLoginTest" time="0.003"/>
  <testcase classname="com.testng.TC04_LoginTests" name="validLoginTest" time="0.003"/>
  <testcase classname="com.testng.TC04_LoginTests" name="dependOnGroup" time="0.003"/>
</testsuite> <!-- com.testng.TC04_LoginTests -->
