<?xml version="1.0" encoding="UTF-8"?>
<!-- Generated by org.testng.reporters.JUnitReportReporter -->
<testsuite hostname="DESKTOP-4U27L9N" failures="0" tests="4" name="com.testng.TC02_BeforeTestMethod" time="0.025" errors="0" timestamp="2026-02-07T10:11:00 IST" skipped="0">
  <testcase classname="com.testng.TC02_BeforeTestMethod" name="test1" time="0.012"/>
  <testcase classname="com.testng.TC02_BeforeTestMethod" name="test1" time="0.004"/>
  <testcase classname="com.testng.TC02_BeforeTestMethod" name="test2" time="0.005"/>
  <testcase classname="com.testng.TC02_BeforeTestMethod" name="test2" time="0.004"/>
</testsuite> <!-- com.testng.TC02_BeforeTestMethod -->
