<?xml version="1.0" encoding="UTF-8"?>
<!-- Generated by org.testng.reporters.JUnitReportReporter -->
<testsuite hostname="DESKTOP-4U27L9N" failures="0" tests="2" name="com.testng.TC03_HardAndSoft" time="4.255" errors="0" timestamp="2026-02-12T10:34:32 IST" skipped="1">
  <testcase classname="com.testng.TC03_HardAndSoft" name="hardAssertion" time="4.255"/>
  <testcase classname="com.testng.TC03_HardAndSoft" name="softAssertion">
    <skipped/>
  </testcase> <!-- softAssertion -->
</testsuite> <!-- com.testng.TC03_HardAndSoft -->
